Ansys Lumerical 2020 R2 FDTD Solver Version 8.24.2387 (Windows 64bit)
 expires (month/day/year): 12/31/2035
using config file: Ansys Licensing set with ANSYSLMD_LICENSE_FILE
license host: 
current time: Mon Nov 14 01:18:09 2022
Running on host: Leo
host available memory (GB): 10.370343
All processes are communicating and ready to proceed to simulation...
Running fsp file: C:\Program Files\Lumerical\v202\bin\fdtd-engine-msmpi.exe -t 1 -remote C:/Users/Léo/Documents/Facul/Capacitação/GitHub/90--optical-hybrid/CML/Bend.fsp
Starting meshing
Simulation size in gridpoints: 1 x 126 x 71
Refined 0 mesh cells (0%)
Completed meshing!
Meshing complete in 0 seconds of CPU time
Starting meshing
Simulation size in gridpoints: 1 x 126 x 71
Refined 0 mesh cells (0%)
Completed meshing!
Meshing complete in 0.015625 seconds of CPU time
Starting meshing
Simulation size in gridpoints: 1 x 126 x 71
Refined 0 mesh cells (0%)
Completed meshing!
Meshing complete in 0 seconds of CPU time
Starting meshing
Simulation size in gridpoints: 1 x 126 x 71
Refined 0 mesh cells (0%)
Completed meshing!
Meshing complete in 0 seconds of CPU time
Starting meshing
Simulation size in gridpoints: 1 x 126 x 71
Refined 0 mesh cells (0%)
Completed meshing!
Meshing complete in 0 seconds of CPU time
Starting meshing
Simulation size in gridpoints: 1 x 126 x 71
Refined 0 mesh cells (0%)
Completed meshing!
Meshing complete in 0 seconds of CPU time
left is a duplicate key.
bottom is a duplicate key.
z1 is a duplicate key.
z2 is a duplicate key.
Nx is a duplicate key.
Ny is a duplicate key.
Nz is a duplicate key.
Starting meshing
Simulation size in gridpoints: 126 x 1 x 71
Refined 0 mesh cells (0%)
Completed meshing!
Meshing complete in 0 seconds of CPU time
Starting meshing
Simulation size in gridpoints: 126 x 1 x 71
Refined 0 mesh cells (0%)
Completed meshing!
Meshing complete in 0 seconds of CPU time
Starting meshing
Simulation size in gridpoints: 126 x 1 x 71
Refined 0 mesh cells (0%)
Completed meshing!
Meshing complete in 0 seconds of CPU time
left is a duplicate key.
bottom is a duplicate key.
z1 is a duplicate key.
z2 is a duplicate key.
Nx is a duplicate key.
Ny is a duplicate key.
Nz is a duplicate key.
number of processors is 12
processors are distributed as: 3x4x1
Running 3D Simulation
Starting meshing
Simulation size in gridpoints: 102 x 77 x 99
Refined 0 mesh cells (0%)
Completed meshing!
Meshing complete in 0.109375 seconds of CPU time
0 0
Starting meshing
Simulation size in gridpoints: 102 x 77 x 99
Refined 0 mesh cells (0%)
Completed meshing!
Meshing complete in 0.109375 seconds of CPU time
0 0
Starting meshing
Simulation size in gridpoints: 102 x 77 x 99
Refined 0 mesh cells (0%)
Completed meshing!
Meshing complete in 0.125 seconds of CPU time
0 0
finished material properties
Meshing Time: 0.303789 seconds, Init Electrical Material Time: 0.0687488 seconds, Init Magnetic Material Time: 0.0031261
Using selected optimization level: 2
Selecting 3d kernel for splitFieldDirection=0 and optLevel=2
-----------------------------------------
Beginning initialization of 3D Simulation
Starting to add sources to simulation
Adding 3D Mode source propagating in X
Using frequency dependent profile
Starting to add boundary conditions to simulation
Adding 3D PML BC
Adding 3D Parallel BC
Adding 3D PML BC
Adding 3D Parallel BC
Adding 3D PML BC
Adding 3D PML BC
Starting to add monitors to Simulation
Adding analysis monitor
Adding 3D DFT monitor
Adding 3D DFT monitor
Adding 3D DFT monitor
Finished initialization of 3D Simulation
-----------------------------------------
All processes are communicating and ready to proceed to simulation...
Starting 21491 total iterations
0.148898% complete. Max time remaining: 29 mins, 25 secs. Auto Shutoff: 1
1.19118% complete. Max time remaining: 26 mins, 49 secs. Auto Shutoff: 1
2.23347% complete. Max time remaining: 26 mins, 33 secs. Auto Shutoff: 1
3.27576% complete. Max time remaining: 26 mins, 22 secs. Auto Shutoff: 1
4.31804% complete. Max time remaining: 27 mins, 7 secs. Auto Shutoff: 1
5.36033% complete. Max time remaining: 27 mins, 16 secs. Auto Shutoff: 1
6.40261% complete. Max time remaining: 27 mins, 13 secs. Auto Shutoff: 1
7.4449% complete. Max time remaining: 27 mins, 5 secs. Auto Shutoff: 0.997909
8.48718% complete. Max time remaining: 26 mins, 48 secs. Auto Shutoff: 1.02498
9.52947% complete. Max time remaining: 26 mins, 29 secs. Auto Shutoff: 0.967075
10.5718% complete. Max time remaining: 26 mins, 5 secs. Auto Shutoff: 0.98402
11.614% complete. Max time remaining: 25 mins, 54 secs. Auto Shutoff: 0.969905
12.6563% complete. Max time remaining: 25 mins, 33 secs. Auto Shutoff: 0.960485
13.6986% complete. Max time remaining: 25 mins, 6 secs. Auto Shutoff: 0.987504
14.7409% complete. Max time remaining: 24 mins, 42 secs. Auto Shutoff: 0.956827
15.7832% complete. Max time remaining: 24 mins, 17 secs. Auto Shutoff: 0.64453
16.8255% complete. Max time remaining: 24 mins, 3 secs. Auto Shutoff: 0.0741406
17.8678% complete. Max time remaining: 23 mins, 51 secs. Auto Shutoff: 0.000703194
18.91% complete. Max time remaining: 23 mins, 38 secs. Auto Shutoff: 1.14207e-05
100% complete. Max time remaining: 0 mins, 0 secs. Auto Shutoff: 4.99818e-06
Early termination of simulation, the autoshutoff criteria are satisfied.
Completed 4065 iterations, or 1.891469e-13s of Simulation Time
Process 0 starting to collect data
    collecting monitor data
    collecting source data
Using frequency dependent profile
Finished collecting data
left is a duplicate key.
bottom is a duplicate key.
z1 is a duplicate key.
z2 is a duplicate key.
Nx is a duplicate key.
Ny is a duplicate key.
Nz is a duplicate key.
left is a duplicate key.
bottom is a duplicate key.
z1 is a duplicate key.
z2 is a duplicate key.
Nx is a duplicate key.
Ny is a duplicate key.
Nz is a duplicate key.
Simulation completed successfully at: Mon Nov 14 01:24:05 2022
Overall wall time measurements in seconds: 358.549
    time to mesh and initialize: 7.11494
    time to run FDTD simulation: 330.856
    time to checkpoint simulation: 4e-07
    time to finalize data and save to files: 14.9622
    miscellaneous time: 5.61582
    FDTD solver speed on process 0: 9.55316 Mnodes/s
    total FDTD solver speed on 12 processes: 114.638 Mnodes/s
